# JRE version: OpenJDK Runtime Environment (8.0_362-b09) (build 1.8.0_362-b09)
# Java VM: OpenJDK 64-Bit Server VM (25.362-b09 mixed mode windows-amd64 compressed oops)
Heap:
 PSYoungGen      total 75264K, used 6451K [0x0000000615580000, 0x000000061a980000, 0x00000007c0000000)
  eden space 64512K, 10% used [0x0000000615580000,0x0000000615bcce30,0x0000000619480000)
  from space 10752K, 0% used [0x0000000619480000,0x0000000619480000,0x0000000619f00000)
  to   space 10752K, 0% used [0x0000000619f00000,0x0000000619f00000,0x000000061a980000)
 ParOldGen       total 172032K, used 659K [0x00000002c0000000, 0x00000002ca800000, 0x0000000615580000)
  object space 172032K, 0% used [0x00000002c0000000,0x00000002c00a4fb0,0x00000002ca800000)
 Metaspace       used 4003K, capacity 4732K, committed 4864K, reserved 1056768K
  class space    used 457K, capacity 496K, committed 512K, reserved 1048576K
GC Heap History (4 events):
Event: 0.156 GC heap before
{Heap before GC invocations=1 (full 0):
 PSYoungGen      total 75264K, used 3875K [0x0000000615580000, 0x000000061a980000, 0x00000007c0000000)
  eden space 64512K, 6% used [0x0000000615580000,0x0000000615948ca0,0x0000000619480000)
  from space 10752K, 0% used [0x0000000619f00000,0x0000000619f00000,0x000000061a980000)
  to   space 10752K, 0% used [0x0000000619480000,0x0000000619480000,0x0000000619f00000)
 ParOldGen       total 172032K, used 0K [0x00000002c0000000, 0x00000002ca800000, 0x0000000615580000)
  object space 172032K, 0% used [0x00000002c0000000,0x00000002c0000000,0x00000002ca800000)
 Metaspace       used 3959K, capacity 4732K, committed 4864K, reserved 1056768K
  class space    used 450K, capacity 496K, committed 512K, reserved 1048576K
Event: 0.158 GC heap after
Heap after GC invocations=1 (full 0):
 PSYoungGen      total 75264K, used 816K [0x0000000615580000, 0x000000061a980000, 0x00000007c0000000)
  eden space 64512K, 0% used [0x0000000615580000,0x0000000615580000,0x0000000619480000)
  from space 10752K, 7% used [0x0000000619480000,0x000000061954c010,0x0000000619f00000)
  to   space 10752K, 0% used [0x0000000619f00000,0x0000000619f00000,0x000000061a980000)
 ParOldGen       total 172032K, used 8K [0x00000002c0000000, 0x00000002ca800000, 0x0000000615580000)
  object space 172032K, 0% used [0x00000002c0000000,0x00000002c0002000,0x00000002ca800000)
 Metaspace       used 3959K, capacity 4732K, committed 4864K, reserved 1056768K
  class space    used 450K, capacity 496K, committed 512K, reserved 1048576K
}
Event: 0.158 GC heap before
{Heap before GC invocations=2 (full 1):
 PSYoungGen      total 75264K, used 816K [0x0000000615580000, 0x000000061a980000, 0x00000007c0000000)
  eden space 64512K, 0% used [0x0000000615580000,0x0000000615580000,0x0000000619480000)
  from space 10752K, 7% used [0x0000000619480000,0x000000061954c010,0x0000000619f00000)
  to   space 10752K, 0% used [0x0000000619f00000,0x0000000619f00000,0x000000061a980000)
 ParOldGen       total 172032K, used 8K [0x00000002c0000000, 0x00000002ca800000, 0x0000000615580000)
  object space 172032K, 0% used [0x00000002c0000000,0x00000002c0002000,0x00000002ca800000)
 Metaspace       used 3959K, capacity 4732K, committed 4864K, reserved 1056768K
  class space    used 450K, capacity 496K, committed 512K, reserved 1048576K
Event: 0.164 GC heap after
Heap after GC invocations=2 (full 1):
 PSYoungGen      total 75264K, used 0K [0x0000000615580000, 0x000000061a980000, 0x00000007c0000000)
  eden space 64512K, 0% used [0x0000000615580000,0x0000000615580000,0x0000000619480000)
  from space 10752K, 0% used [0x0000000619480000,0x0000000619480000,0x0000000619f00000)
  to   space 10752K, 0% used [0x0000000619f00000,0x0000000619f00000,0x000000061a980000)
 ParOldGen       total 172032K, used 659K [0x00000002c0000000, 0x00000002ca800000, 0x0000000615580000)
  object space 172032K, 0% used [0x00000002c0000000,0x00000002c00a4fb0,0x00000002ca800000)
 Metaspace       used 3959K, capacity 4732K, committed 4864K, reserved 1056768K
  class space    used 450K, capacity 496K, committed 512K, reserved 1048576K
}

